Determining if the pthread_create exist failed with the following output:
Change Dir: /home/wj/Game_Login_Server/cmake-build-debug/CMakeFiles/CMakeTmp

Run Build Command:"/usr/bin/make" "cmTC_55547/fast"
/usr/bin/make -f CMakeFiles/cmTC_55547.dir/build.make CMakeFiles/cmTC_55547.dir/build
make[1]: Entering directory '/home/wj/Game_Login_Server/cmake-build-debug/CMakeFiles/CMakeTmp'
Building C object CMakeFiles/cmTC_55547.dir/CheckSymbolExists.c.o
/usr/bin/cc    -o CMakeFiles/cmTC_55547.dir/CheckSymbolExists.c.o   -c /home/wj/Game_Login_Server/cmake-build-debug/CMakeFiles/CMakeTmp/CheckSymbolExists.c
Linking C executable cmTC_55547
/home/wj/下载/clion-2018.2.4/bin/cmake/linux/bin/cmake -E cmake_link_script CMakeFiles/cmTC_55547.dir/link.txt --verbose=1
/usr/bin/cc      CMakeFiles/cmTC_55547.dir/CheckSymbolExists.c.o  -o cmTC_55547 
CMakeFiles/cmTC_55547.dir/CheckSymbolExists.c.o：在函数‘main’中：
CheckSymbolExists.c:(.text+0x16)：对‘pthread_create’未定义的引用
collect2: error: ld returned 1 exit status
CMakeFiles/cmTC_55547.dir/build.make:86: recipe for target 'cmTC_55547' failed
make[1]: *** [cmTC_55547] Error 1
make[1]: Leaving directory '/home/wj/Game_Login_Server/cmake-build-debug/CMakeFiles/CMakeTmp'
Makefile:121: recipe for target 'cmTC_55547/fast' failed
make: *** [cmTC_55547/fast] Error 2

File /home/wj/Game_Login_Server/cmake-build-debug/CMakeFiles/CMakeTmp/CheckSymbolExists.c:
/* */
#include <pthread.h>

int main(int argc, char** argv)
{
  (void)argv;
#ifndef pthread_create
  return ((int*)(&pthread_create))[argc];
#else
  (void)argc;
  return 0;
#endif
}

Determining if the function pthread_create exists in the pthreads failed with the following output:
Change Dir: /home/wj/Game_Login_Server/cmake-build-debug/CMakeFiles/CMakeTmp

Run Build Command:"/usr/bin/make" "cmTC_c99f1/fast"
/usr/bin/make -f CMakeFiles/cmTC_c99f1.dir/build.make CMakeFiles/cmTC_c99f1.dir/build
make[1]: Entering directory '/home/wj/Game_Login_Server/cmake-build-debug/CMakeFiles/CMakeTmp'
Building C object CMakeFiles/cmTC_c99f1.dir/CheckFunctionExists.c.o
/usr/bin/cc   -DCHECK_FUNCTION_EXISTS=pthread_create   -o CMakeFiles/cmTC_c99f1.dir/CheckFunctionExists.c.o   -c /home/wj/下载/clion-2018.2.4/bin/cmake/linux/share/cmake-3.12/Modules/CheckFunctionExists.c
Linking C executable cmTC_c99f1
/home/wj/下载/clion-2018.2.4/bin/cmake/linux/bin/cmake -E cmake_link_script CMakeFiles/cmTC_c99f1.dir/link.txt --verbose=1
/usr/bin/cc  -DCHECK_FUNCTION_EXISTS=pthread_create    CMakeFiles/cmTC_c99f1.dir/CheckFunctionExists.c.o  -o cmTC_c99f1 -lpthreads 
/usr/bin/ld: 找不到 -lpthreads
collect2: error: ld returned 1 exit status
CMakeFiles/cmTC_c99f1.dir/build.make:86: recipe for target 'cmTC_c99f1' failed
make[1]: *** [cmTC_c99f1] Error 1
make[1]: Leaving directory '/home/wj/Game_Login_Server/cmake-build-debug/CMakeFiles/CMakeTmp'
Makefile:121: recipe for target 'cmTC_c99f1/fast' failed
make: *** [cmTC_c99f1/fast] Error 2


